<?xml version="1.0" encoding="UTF-8"?>
<testsuite xmlns:xsi="http://www.w3.org/2001/XMLSchema-instance" xsi:noNamespaceSchemaLocation="https://maven.apache.org/surefire/maven-surefire-plugin/xsd/surefire-test-report.xsd" name="Junit5Basic.MathUtilsTest" time="0.055" tests="3" errors="2" skipped="0" failures="0">
  <properties>
[...]
</properties>
  <testcase name="testDivideByZero" classname="Junit5Basic.MathUtilsTest" time="0.024"/>
  <testcase name="testComputeCircleArea" classname="Junit5Basic.MathUtilsTest" time="0.021">
    <error message="Cannot invoke &quot;Junit5Basic.MathUtils.computeCircleArea(double)&quot; because &quot;this.mathUtils&quot; is null" type="java.lang.NullPointerException">java.lang.NullPointerException: Cannot invoke "Junit5Basic.MathUtils.computeCircleArea(double)" because "this.mathUtils" is null
	at Junit5Basic.MathUtilsTest.testComputeCircleArea(MathUtilsTest.java:24)
</error>
  </testcase>
  <testcase name="add" classname="Junit5Basic.MathUtilsTest" time="0.004">
    <error message="Cannot invoke &quot;Junit5Basic.MathUtils.add(int, int)&quot; because &quot;this.mathUtils&quot; is null" type="java.lang.NullPointerException">java.lang.NullPointerException: Cannot invoke "Junit5Basic.MathUtils.add(int, int)" because "this.mathUtils" is null
	at Junit5Basic.MathUtilsTest.add(MathUtilsTest.java:17)
</error>
  </testcase>
</testsuite>